[sakharov.webflow.io/en.html]
[backblue.gif]
[fade.gif]
[index.html]
[assets.website-files.com/617936a2cad5af105e065401/css/sakharov.webflow.fa68179cc.css]
[assets.website-files.com/617936a2cad5af105e065401/617936a2cad5af7b2006573e_favicon-32x32.png]
[assets.website-files.com/617936a2cad5af105e065401/617936a2cad5aff9ab065740_android-icon-192x192.png]
[cdn.jsdelivr.net/npm/locomotive-scroll@4.0.6/dist/locomotive-scroll.min.css]
[mc.yandex.ru/metrika/tag.js]
[sakharov.webflow.io/index.html]
[static.sakharov.space/prod/common.dab21f25.css]
[static.sakharov.space/prod/1.547bc484.png]
[static.sakharov.space/prod/2.f43e3871.png]
[static.sakharov.space/prod/3.a69acd76.png]
[static.sakharov.space/prod/4.249f3a92.png]
[static.sakharov.space/prod/5.d896befb.png]
[static.sakharov.space/prod/6.0efdcfe8.png]
[static.sakharov.space/prod/7.304a662e.png]
[static.sakharov.space/prod/8.0e8f52da.png]
[static.sakharov.space/prod/coin-2.2b5b533c.png]
[static.sakharov.space/prod/coin-1.415372bb.png]
[sakharov.webflow.io/en/chapter-1.html]
[sakharov.webflow.io/en/library.html]
[assets.website-files.com/617936a2cad5af105e065401/617936a2cad5af63e206566c_video-placeholder-photo.jpg]
[static.sakharov.space/prod/src.64f8736e.js]
[assets.website-files.com/617936a2cad5af105e065401/617936a2cad5af027d0656a4_video-placeholder-opacity-screen.png]
[assets.website-files.com/617936a2cad5af105e065401/617936a2cad5af456d0656dd_bg-open-menu-2-mobile.png]
[assets.website-files.com/617936a2cad5af105e065401/617936a2cad5af1c150656c9_bg-open-menu-black-mask.png]
[assets.website-files.com/617936a2cad5af105e065401/617936a2cad5af55ac0656cc_bg-open-menu-1.jpg]
[assets.website-files.com/617936a2cad5af105e065401/617936a2cad5afbb820656d7_bg-open-menu-2.png]
[d3e54v103j8qbb.cloudfront.net/js/jquery-3.5.1.min.dc5e7f18c8e0fc.js]
[assets.website-files.com/617936a2cad5af105e065401/js/webflow.d6dda531a.js]
[unpkg.com/gsap@3/dist/gsap.min.1f.delayed]
[unpkg.com/gsap@3.11.3/dist/gsap.min.js]
[cdnjs.cloudflare.com/ajax/libs/gsap/3.6.1/ScrollToPlugin.min.js]
[cdn.jsdelivr.net/npm/resize-sensor@0.0.6/ResizeSensor.min.js]
[sakharov.webflow.io/en.html]
[cdn.jsdelivr.net/npm/locomotive-scroll@4.0.6/dist/locomotive-scroll.min.js]
[assets.website-files.com/617936a2cad5af105e065401/617936a2cad5afa89d0657ac_white-noise.a08b3022.gif]
[assets.website-files.com/617936a2cad5af105e065401/617936a2cad5af9ccf0658e3_bg-text-menu-head-1.png]
[assets.website-files.com/617936a2cad5af105e065401/617936a2cad5af856b0656cf_menu-text-bg-img.jpg]
[assets.website-files.com/617936a2cad5af105e065401/css/sakharov.webflow.fa68179cc.css]
[sakharov.webflow.io/bio/index.html]
[sakharov.webflow.io/index.html]
[sakharov.webflow.io/ru-lib/index.html]
[sakharov.webflow.io/ru-bio/index.html]
[cdn.jsdelivr.net/npm/locomotive-scroll@4.0.6/dist/locomotive-scroll.min.css]
[static.sakharov.space/prod/PrahoPro-Light.4c50a911.woff2]
[static.sakharov.space/prod/common.dab21f25.css]
[assets.website-files.com/617936a2cad5af105e065401/617936a2cad5af3fa8065454_p1-column-img-2.png]
[assets.website-files.com/617936a2cad5af105e065401/617936a2cad5af3588065754_p1-bg-img-1.png]
[assets.website-files.com/617936a2cad5af105e065401/617936a2cad5af4b4f0658bd_p1-img-01.jpg]
[assets.website-files.com/617936a2cad5af105e065401/617936a2cad5af98d006544f_p1-number-1.png]
[assets.website-files.com/617936a2cad5af105e065401/617936a2cad5af68f9065451_p1-number-2.png]
[assets.website-files.com/617936a2cad5af105e065401/617936a2cad5af4cf40655d5_p1-img-02.jpg]
[assets.website-files.com/617936a2cad5af105e065401/617936a2cad5af335e0655e5_p1-img-03.jpg]
[assets.website-files.com/617936a2cad5af105e065401/617936a2cad5af902f0655d9_p1-column-img-1.jpg]
[assets.website-files.com/617936a2cad5af105e065401/617936a2cad5af6e14065598_p1-q-ic-1.png]
[assets.website-files.com/617936a2cad5af105e065401/617936a2cad5af98080655df_p1-img-04.png]
[assets.website-files.com/617936a2cad5af105e065401/617936a2cad5af5fb70656d9_p1-slide-1.jpg]
[assets.website-files.com/617936a2cad5af105e065401/617936a2cad5af88580656dc_p1-slide-2.jpg]
[assets.website-files.com/617936a2cad5af105e065401/617936a2cad5afcb53065793_p1-slide-3.jpg]
[assets.website-files.com/617936a2cad5af105e065401/617936a2cad5aff1e90658a3_p1-slide-4.jpg]
[assets.website-files.com/617936a2cad5af105e065401/617936a2cad5aff3ab0656fe_p1-slide-5.jpg]
[assets.website-files.com/617936a2cad5af105e065401/617936a2cad5af25660656d0_p1-slide-6.jpg]
[assets.website-files.com/617936a2cad5af105e065401/617936a2cad5af467f065456_p1-flourish-1.png]
[assets.website-files.com/617936a2cad5af105e065401/617936a2cad5af0b390655de_p1-img-05.jpg]
[assets.website-files.com/617936a2cad5af105e065401/617936a2cad5af83f50658e1_move-text-1-2.png]
[assets.website-files.com/617936a2cad5af105e065401/617936a2cad5af160f0658bc_move-text-1-4.png]
[assets.website-files.com/617936a2cad5af105e065401/617936a2cad5aff83c0655e0_p1-img-07.jpg]
[assets.website-files.com/617936a2cad5af105e065401/617936a2cad5af61b80656ee_p1-video-1-4.gif]
[assets.website-files.com/617936a2cad5af105e065401/617936a2cad5af2796065466_p1-flourish-2.png]
[assets.website-files.com/617936a2cad5af105e065401/617936a2cad5afc068065463_p1-bg-img-2.png]
[assets.website-files.com/617936a2cad5af105e065401/617936a2cad5afddff0655e1_p1-column-img-2.jpg]
[assets.website-files.com/617936a2cad5af105e065401/617936a2cad5af5e970655eb_p1-bg-img-3.png]
[assets.website-files.com/617936a2cad5af105e065401/617936a2cad5af3c400656db_p1-slide-7.jpg]
[assets.website-files.com/617936a2cad5af105e065401/617936a2cad5af82a40656e1_p1-slide-8.jpg]
[assets.website-files.com/617936a2cad5af105e065401/617936a2cad5af74840656e2_p1-slide-9.jpg]
[assets.website-files.com/617936a2cad5af105e065401/617936a2cad5af689f0656e3_p1-slide-10.jpg]
[assets.website-files.com/617936a2cad5af105e065401/617936a2cad5af44ba065589_p1-q-ic-2.png]
[assets.website-files.com/617936a2cad5af105e065401/617936a2cad5afc1ce0658dc_p1-img-13.png]
[assets.website-files.com/617936a2cad5af105e065401/617936a2cad5af05e80658c0_p1-img-12.jpg]
[sakharov.webflow.io/en/chapter-2.html]
[sakharov.webflow.io/en/chapter-3.html]
[sakharov.webflow.io/en/chapter-1.html]
[assets.website-files.com/617936a2cad5af105e065401/617936a2cad5afe271065822_lib-flourish-1.png]
[assets.website-files.com/617936a2cad5af0521065402/617936a2cad5afe1b20663cf_Sakharov.jpg]
[assets.website-files.com/617936a2cad5af0521065402/617936a2cad5af479b065bab_размышления.jpg]
[assets.website-files.com/617936a2cad5af0521065402/617936a2cad5af891206637e_мир через-2.jpg]
[assets.website-files.com/617936a2cad5af0521065402/617936a2cad5af619c066351_1820-2.jpg]
[assets.website-files.com/617936a2cad5af0521065402/617936a2cad5af501c0662d8_250-small.jpg]
[assets.website-files.com/617936a2cad5af0521065402/617936a2cad5af4607065dac_1810.jpg]
[assets.website-files.com/617936a2cad5af0521065402/617936a2cad5af01e206636a_Gorky2.jpg]
[assets.website-files.com/617936a2cad5af0521065402/617936a2cad5af50c6066374_С и А1.jpg]
[sakharov.webflow.io/lib/intervyu-ulle-stenholmu.html]
[assets.website-files.com/617936a2cad5af0521065402/617936a2cad5af4a02066382_stenholm.jpg]
[assets.website-files.com/617936a2cad5af0521065402/617936a2cad5afefcd0663b8_books.jpg]
[sakharov.webflow.io/en/library.html]
[cdn.finsweet.com/files/cmslibrary-v1.7.js]
[assets.website-files.com/617936a2cad5af105e065401/617936a2cad5af44fd0655fa_number-2-1.png]
[assets.website-files.com/617936a2cad5af105e065401/617936a2cad5af4d70065606_number-2-2.png]
[assets.website-files.com/617936a2cad5af105e065401/617936a2cad5af1e42065483_p2-move-text-2-1.png]
[assets.website-files.com/617936a2cad5af105e065401/617936a2cad5affacd0657d1_p2-img-01.jpg]
[assets.website-files.com/617936a2cad5af105e065401/617936a2cad5af56170655e6_p2-img-02.jpg]
[assets.website-files.com/617936a2cad5af105e065401/617936a2cad5af7a4a065482_p2-flourish-1.png]
[assets.website-files.com/617936a2cad5af105e065401/617936a2cad5af33b10655f6_p2-column-img-01.jpg]
[assets.website-files.com/617936a2cad5af105e065401/617936a2cad5af3c0f0655e9_p2-img-02_2.jpg]
[assets.website-files.com/617936a2cad5af105e065401/617936a2cad5af0a230655e3_p2-img-03.jpg]
[assets.website-files.com/617936a2cad5af105e065401/617936a2cad5af6f690658df_Ульяновск1943-low.gif]
[assets.website-files.com/617936a2cad5af105e065401/617936a2cad5af9475065753_p2-diagram-element-bg.png]
[assets.website-files.com/617936a2cad5af105e065401/617936a2cad5af18ad0655ce_p1-diagram-element-4.png]
[assets.website-files.com/617936a2cad5af105e065401/617936a2cad5af862d065583_p1-diagram-element-1.png]
[assets.website-files.com/617936a2cad5af105e065401/617936a2cad5af7cac0655f7_p1-diagram-element-2.png]
[assets.website-files.com/617936a2cad5af105e065401/617936a2cad5af74ed0655f3_p1-diagram-element-3.png]
[assets.website-files.com/617936a2cad5af105e065401/617936a2cad5af23f5065743_p2-img-06.jpg]
[assets.website-files.com/617936a2cad5af105e065401/617936a2cad5af4f940655e4_p2-img-05.jpg]
[assets.website-files.com/617936a2cad5af105e065401/617936a2cad5af7c0906558c_p2-q-ic-1.png]
[assets.website-files.com/617936a2cad5af105e065401/617936a2cad5afe8840655e2_p2-img-07.jpg]
[assets.website-files.com/617936a2cad5af105e065401/617936a2cad5af24e906547a_p2-flourish-3.png]
[assets.website-files.com/617936a2cad5af105e065401/617936a2cad5af2818065585_p2-q-ic-2.png]
[assets.website-files.com/617936a2cad5af105e065401/617936a2cad5af1bd806579f_поезд_final-low.gif]
[assets.website-files.com/617936a2cad5af105e065401/617936a2cad5afb8450656f3_p2-slide-1.jpg]
[assets.website-files.com/617936a2cad5af105e065401/617936a2cad5af1cea0656fd_p2-slide-2.jpg]
[assets.website-files.com/617936a2cad5af105e065401/617936a2cad5af94ca0656fb_p2-slide-3.jpg]
[assets.website-files.com/617936a2cad5af105e065401/617936a2cad5af0eef0657b4_p2-img-08.jpg]
[sakharov.webflow.io/en/chapter-2.html]
[assets.website-files.com/617936a2cad5af105e065401/617936a2cad5af18c80655ff_p3-number-1.png]
[assets.website-files.com/617936a2cad5af105e065401/617936a2cad5afa3830655f2_p3-number-2.png]
[assets.website-files.com/617936a2cad5af105e065401/617936a2cad5af1a2e0655fb_p3-img-1.jpg]
[assets.website-files.com/617936a2cad5af105e065401/617936a2cad5af0bba065474_p3-img-2.jpg]
[assets.website-files.com/617936a2cad5af105e065401/617936a2cad5af34310655fe_p3-img-3.jpg]
[assets.website-files.com/617936a2cad5af105e065401/617936a2cad5afc2fe065607_p3-img-13.png]
[assets.website-files.com/617936a2cad5af105e065401/617936a2cad5af177406560a_p3-img-4.png]
[assets.website-files.com/617936a2cad5af105e065401/617936a2cad5af6e3a065491_p3-img-11.png]
[assets.website-files.com/617936a2cad5af105e065401/617936a2cad5af72c806583d_p3-img-5 opacity 120.png]
[assets.website-files.com/617936a2cad5af105e065401/617936a2cad5afa34406560b_p3-img-6.png]
[assets.website-files.com/617936a2cad5af105e065401/617936a2cad5afdcde0655f8_p3-img-7.png]
[assets.website-files.com/617936a2cad5af105e065401/617936a2cad5af03bf065450_p3-quote-icon-1.png]
[assets.website-files.com/617936a2cad5af105e065401/617936a2cad5af037f065604_p3-column-img-1.jpg]
[assets.website-files.com/617936a2cad5af105e065401/617936a2cad5af8eb306572f_chapter3.gif]
[assets.website-files.com/617936a2cad5af105e065401/617936a2cad5af8dec0654a5_p3-move-text-1.png]
[assets.website-files.com/617936a2cad5af105e065401/617936a2cad5af3d880654a8_p3-move-text-2.png]
[assets.website-files.com/617936a2cad5af105e065401/617936a2cad5af72ea06548e_p3-move-text-3.png]
[assets.website-files.com/617936a2cad5af105e065401/617936a2cad5aff9fc065621_p3-img-9.jpg]
[assets.website-files.com/617936a2cad5af105e065401/617936a2cad5af48d6065493_p3-flourish-1.png]
[assets.website-files.com/617936a2cad5af105e065401/617936a2cad5af1186065496_p3-img-12.png]
[assets.website-files.com/617936a2cad5af105e065401/617936a2cad5aff222065612_p3-img-10.jpg]
[assets.website-files.com/617936a2cad5af105e065401/617936a2cad5af24ea0654e8_p3-move-text-4.png]
[assets.website-files.com/617936a2cad5af105e065401/617936a2cad5af9b3e0654a0_p3-move-text-5.png]
[assets.website-files.com/617936a2cad5af105e065401/617936a2cad5af2b850654e6_p3-move-text-6.png]
[assets.website-files.com/617936a2cad5af105e065401/617936a2cad5afcef50654a1_p3-move-text-7.png]
[sakharov.webflow.io/en/chapter-3.html]
[assets.website-files.com/617936a2cad5af105e065401/617936a2cad5af3357065492_p3-move-text-8.png]
[assets.website-files.com/617936a2cad5af0521065402/617936a2cad5af6db6066399_Воспоминания3.png]
[assets.website-files.com/617936a2cad5af0521065402/617936a2cad5afd2c106639a_Gorky2.gif]
[assets.website-files.com/617936a2cad5af0521065402/617936a2cad5afa71b065ecf_Memorandum.jpg]
[assets.website-files.com/617936a2cad5af0521065402/617936a2cad5af148a065ddb_записка2.jpg]
[assets.website-files.com/617936a2cad5af0521065402/617936a2cad5afc3ff0662d9_О письме вождям copy-4.jpg]
[assets.website-files.com/617936a2cad5af0521065402/617936a2cad5af0e04065da4_Остране.jpg]
[assets.website-files.com/617936a2cad5af0521065402/617936a2cad5af4c5e065ddd_тревога1.jpg]
[assets.website-files.com/617936a2cad5af0521065402/617936a2cad5af2426066358_Сах_дома.jpg]
[assets.website-files.com/617936a2cad5af0521065402/617936a2cad5af1b4c0662da_тревожное.jpg]
[assets.website-files.com/617936a2cad5af0521065402/617936a2cad5af557106639c_Сахаров-сборник.jpg]
[assets.website-files.com/617936a2cad5af0521065402/617936a2cad5af5bdb066352_1812-2.jpg]
[assets.website-files.com/617936a2cad5af0521065402/617936a2cad5affcde0662a4_drell-2.jpg]
[assets.website-files.com/617936a2cad5af0521065402/617936a2cad5af664f065e9b_Sakharov1-2.jpg]
[assets.website-files.com/617936a2cad5af0521065402/617936a2cad5af697e066356_Сахар1989-2.jpg]
[assets.website-files.com/617936a2cad5af0521065402/617936a2cad5af6565066357_Конституц.jpg]
[assets.website-files.com/617936a2cad5af0521065402/617936a2cad5af701d06635e_1987.jpg]
[assets.website-files.com/617936a2cad5af0521065402/617936a2cad5afe62006635f_РИА1.jpg]
[assets.website-files.com/617936a2cad5af0521065402/617936a2cad5afefa4066373_выступление.jpg]
[assets.website-files.com/617936a2cad5af0521065402/617936a2cad5af1552066369_Бостон.jpg]
[assets.website-files.com/617936a2cad5af0521065402/617936a2cad5af8c45066360_258208_600.jpg]
[assets.website-files.com/617936a2cad5af0521065402/617936a2cad5af9996066361_АДСахаров1989.jpg]
[assets.website-files.com/617936a2cad5af0521065402/617936a2cad5af0e92066362_Принстон.jpg]
[assets.website-files.com/617936a2cad5af0521065402/617936a2cad5afa3a7066364_Сах-2.jpg]
[assets.website-files.com/617936a2cad5af0521065402/617936a2cad5afc696066366_Gessen-Sakharov2.jpg]
[assets.website-files.com/617936a2cad5af0521065402/617936a2cad5af1e51066368_Gorky-2.jpg]
[assets.website-files.com/617936a2cad5af0521065402/617936a2cad5afe288066350_sfhfrov-2.jpg]
[assets.website-files.com/617936a2cad5af0521065402/617936a2cad5af02c906636b_f78543224689d80471bb612b67379365.jpg]
[assets.website-files.com/617936a2cad5af0521065402/617936a2cad5af814a06636c_Leo_Szilard-1024x683.jpg]
[assets.website-files.com/617936a2cad5af0521065402/617936a2cad5afa1ea06636d_sorbonne-2.jpg]
[assets.website-files.com/617936a2cad5af0521065402/617936a2cad5af2ef006636e_16927616_101.jpg]
[assets.website-files.com/617936a2cad5af0521065402/617936a2cad5af0c0606636f_stockholm72-opening.jpg]
[assets.website-files.com/617936a2cad5af0521065402/617936a2cad5af81f4066370_Hartman.jpg]
[assets.website-files.com/617936a2cad5af0521065402/617936a2cad5af20ca066371_Сахаров в Горьком.jpg]
[assets.website-files.com/617936a2cad5af0521065402/617936a2cad5af5dd4066372_жалоба2jpg.jpg]
[assets.website-files.com/617936a2cad5af0521065402/617936a2cad5afafc8066354_письмоГорбачеву.jpg]
[assets.website-files.com/617936a2cad5af0521065402/617936a2cad5af6a51066355_Sakharov1988.jpg]
[assets.website-files.com/617936a2cad5af0521065402/617936a2cad5af15fb066381_regnum_picture_15719597961016904_normal.jpg]
[assets.website-files.com/617936a2cad5af0521065402/617936a2cad5af16df066380_boll-2.jpg]
[assets.website-files.com/617936a2cad5af0521065402/617936a2cad5af8ed30663ba_friendships_of_sid_drell.jpg]
[assets.website-files.com/617936a2cad5af0521065402/617936a2cad5af4d09066387_Копия 1827-2_1.jpg]
[assets.website-files.com/617936a2cad5af0521065402/617936a2cad5af0545066353_Сахаров-ссылка1.jpg]
[assets.website-files.com/617936a2cad5af0521065402/617936a2cad5af99cf066383_цитр copy.jpg]
[assets.website-files.com/617936a2cad5af0521065402/617936a2cad5af91bb066384_Adam.jpg]
[assets.website-files.com/617936a2cad5af0521065402/617936a2cad5af2cf8066386_сРостом.jpg]
[assets.website-files.com/617936a2cad5af0521065402/617936a2cad5af29aa0663b7_CHukovskaya-L.K.-1.jpg]
[assets.website-files.com/617936a2cad5af0521065402/617936a2cad5af380706638a_Andrey-Saxarov-VPN-Moskva-1973.jpg]
[assets.website-files.com/617936a2cad5af0521065402/617936a2cad5afaf3a0663bc_marchenko.jpg]
[assets.website-files.com/617936a2cad5af0521065402/617936a2cad5af62230663b9_podyapolskaya_mariya.jpg]
[assets.website-files.com/617936a2cad5af0521065402/617936a2cad5afca4b0663bb_Каллистратова.jpg]
[assets.website-files.com/617936a2cad5af0521065402/617936a2cad5af32b70663bd_007b329ace79b64e3ef32ae20e9d23e6.jpg]
[assets.website-files.com/617936a2cad5af0521065402/617936a2cad5affaf90663be_BOGORAZ_Larisa_Iosifovna3.jpg]
[assets.website-files.com/617936a2cad5af0521065402/617936a2cad5af82580663bf_желудков.jpg]
[assets.website-files.com/617936a2cad5af0521065402/617936a2cad5afda550663c1_Valery-soyfer-image.jpg]
[assets.website-files.com/617936a2cad5af0521065402/617936a2cad5af0b260663c2_4029721cb484496a8dc479a819b1781f.jpg]
[assets.website-files.com/617936a2cad5af0521065402/617936a2cad5afcffe0663c3_08uOK37_w7U.jpg]
[assets.website-files.com/617936a2cad5af0521065402/617936a2cad5af65730663c4_unnamed.jpg]
[assets.website-files.com/617936a2cad5af0521065402/617936a2cad5af17db0663c8_1Moscow-1980s-interesting.jpg]
[assets.website-files.com/617936a2cad5af0521065402/617936a2cad5af0c910663ca_people68_lert.jpg]
[assets.website-files.com/617936a2cad5af0521065402/617936a2cad5af3d3b066389_татЯ.jpg]
[assets.website-files.com/617936a2cad5af0521065402/617936a2cad5afbcaf066390_Боннер1986.jpg]
[assets.website-files.com/617936a2cad5af0521065402/617936a2cad5af821c066392_Правда1984.jpg]
[assets.website-files.com/617936a2cad5af0521065402/617936a2cad5af846f066394_Горький.jpg]
[assets.website-files.com/617936a2cad5af0521065402/617936a2cad5af57d40663c5_Portrait-осветленный-1668x1112-640x338.jpg]
[assets.website-files.com/617936a2cad5af0521065402/617936a2cad5af58480663c6_uzn_15913462808.jpg]
[assets.website-files.com/617936a2cad5af0521065402/617936a2cad5af168406639b_PS_small2.png]
[assets.website-files.com/617936a2cad5af0521065402/617936a2cad5afbd91066395_60d748c0087c21a9161b0fc2_89-3.jpg]
[assets.website-files.com/617936a2cad5af0521065402/617936a2cad5af1428066391_Огонек92.jpg]
[assets.website-files.com/617936a2cad5af0521065402/617936a2cad5afdb7f066396_Боннэр 1990.jpg]
[assets.website-files.com/617936a2cad5af0521065402/617936a2cad5afb37d0663c0_2.jpg]
[assets.website-files.com/617936a2cad5af0521065402/617936a2cad5afbe2e0663b4_Боннэр1991.png]
[assets.website-files.com/617936a2cad5af0521065402/617936a2cad5af4e9a066393_Levin-ml.jpg]
[assets.website-files.com/617936a2cad5af0521065402/617936a2cad5affb460663d2_Alexandr_Dykhne.jpg]
[assets.website-files.com/617936a2cad5af0521065402/617936a2cad5afb92a0663d3_Akiva_Yaglom.jpg]
[assets.website-files.com/617936a2cad5af0521065402/617936a2cad5af18a10663d4_migdal600-450_1457624195.jpg]
[assets.website-files.com/617936a2cad5af0521065402/617936a2cad5af015c0663ce_18e495e3ab8d40d7bb159cf6959cf7a4.jpg]
[assets.website-files.com/617936a2cad5af0521065402/617936a2cad5afd9ea065d9f_1205px-UN_emblem_blue.svg.png]
[assets.website-files.com/617936a2cad5af0521065402/617936a2cad5af3ed7065dca_einstein-russel-600x601.jpg]
[assets.website-files.com/617936a2cad5af0521065402/617936a2cad5af62db06638e_1059981122_779_182_3000_1432_600x0_80_0_0_1e8986e9079a1e3cdee327102657cfd5.jpg]
[assets.website-files.com/617936a2cad5af0521065402/617936a2cad5af343306638f_ГАРФ.jpg]
[assets.website-files.com/617936a2cad5af0521065402/617936a2cad5af8fd70663b3_Screenshot 2021-09-29 at 15.00.15.png]
[assets.website-files.com/617936a2cad5af0521065402/617936a2cad5af2ba30663cb_bonner.jpg]
[assets.website-files.com/617936a2cad5af0521065402/617936a2cad5afe05a06634e_6134857.jpg]
[assets.website-files.com/617936a2cad5af0521065402/617936a2cad5af545c0663cd_saharov-sajt.jpg]
[assets.website-files.com/617936a2cad5af0521065402/617936a2cad5afd0c2066359_видео.jpg]
[assets.website-files.com/617936a2cad5af0521065402/617936a2cad5af228f0663cc_diletanstkie-5.jpg]
[assets.website-files.com/617936a2cad5af0521065402/617936a2cad5afa7ce0663d1_sakh.jpg]
[sakharov.webflow.io/lib/intervyu-ulle-stenholmu.html]
[sakharov.webflow.io/en/anniversary]
[sakharov.webflow.io/en/about]
[sakharov.webflow.io/bio]
[sakharov.webflow.io/ru/chapter-1]
[sakharov.webflow.io/ru/library]
[sakharov.webflow.io/ru/anniversary]
[sakharov.webflow.io/ru/about.html]
[sakharov.webflow.io/ru-lib]
[sakharov.webflow.io/ru-bio]
[sakharov.webflow.io/en/_https_/assets.website-files.com/5fa59418f129b3877929877d/5fad4d6be6b1e3153ed7308f_p1-bg-video-1-poster-00001.jpg_]
[sakharov.webflow.io/en/_https_/assets.website-files.com/5fa59418f129b3877929877d/6058df09d9fbcbda744760fa_shadow on wall_fix2-poster-00001.jpg_]
[sakharov.webflow.io/en/chapter-4]
[sakharov.webflow.io/en/chapter-5]
[sakharov.webflow.io/en/chapter-6]
[sakharov.webflow.io/en/chapter-7]
[sakharov.webflow.io/en/chapter-8]
[sakharov.webflow.io/en/chapter-9]
[sakharov.webflow.io/bio/chapter-1-family-childhood-youth]
[sakharov.webflow.io/bio/chapter-2-war-factory-graduate-school]
[sakharov.webflow.io/bio/chapter-3-the-installation-and-the-hydrogen-bomb-against-nuclear-testing]
[sakharov.webflow.io/bio/chapter-4-the-turning-point]
[sakharov.webflow.io/bio/chapter-5-human-rights-defender.html]
[sakharov.webflow.io/bio/chapter-6-in-exile]
[sakharov.webflow.io/bio/chapter-7-the-return]
[sakharov.webflow.io/bio/chapter-8-the-peoples-deputy-of-the-ussr]
[sakharov.webflow.io/bio/chapter-9-postscript]
[sakharov.webflow.io/stories/smuggling-samizdat]
[sakharov.webflow.io/lib/thoughts-on-peace-progress-and-intellectual-freedom.html]
[sakharov.webflow.io/lib/the-world-in-50-years]
[sakharov.webflow.io/lib/autobiography]
[sakharov.webflow.io/lib/the-inevitability-of-perestroika]
[sakharov.webflow.io/lib/nobel-lecture]
[sakharov.webflow.io/lib/statement-of-27-january-1980]
[sakharov.webflow.io/lib/open-letter-to-the-president-of-the-academy-of-sciences]
[sakharov.webflow.io/lib/selected-biblioraphy]
[sakharov.webflow.io/en/_https_/assets.website-files.com/5fa59418f129b3877929877d/602abf28e868661ea130b460_WarClouds-poster-00001.jpg_]
[sakharov.webflow.io/lib/vospominaniya-tom-i-chast-pervaya]
[sakharov.webflow.io/lib/vospominaniya-tom-i-chast-vtoraya]
[sakharov.webflow.io/lib/vospominaniya-gorkiy-moskva-dalee-vezde]
[sakharov.webflow.io/lib/razmyshleniya-o-progresse-mirnom-sosushchestvovanii-i-intellektualnoy-svobode]
[sakharov.webflow.io/lib/memorandum-a-saharova-v-turchina-i-r-medvedeva]
[sakharov.webflow.io/lib/pamyatnaya-zapiska]
[sakharov.webflow.io/lib/o-pisme-aleksandra-solzhenicyna-vozhdyam-sovetskogo-soyuza]
[sakharov.webflow.io/lib/mir-cherez-polveka.html]
[sakharov.webflow.io/lib/o-strane-i-mire]
[sakharov.webflow.io/lib/trevoga-i-nadezhda]
[sakharov.webflow.io/lib/yadernaya-energetika-i-svoboda-zapada]
[sakharov.webflow.io/lib/trevozhnoe-vremya]
[sakharov.webflow.io/lib/otvetstvennost-uchenyh]
[sakharov.webflow.io/lib/avtobiografiya]
[sakharov.webflow.io/lib/chto-dolzhny-sdelat-ssha-i-sssr-chtoby-sohranit-mir]
[sakharov.webflow.io/lib/opasnost-termoyadernoy-voyny-otkrytoe-pismo-doktoru-sidneyu-drellu]
[sakharov.webflow.io/lib/neizbezhnost-perestroyki]
[sakharov.webflow.io/lib/s-myslyu-mozhno-borotsya-tolko-myslyu]
[sakharov.webflow.io/lib/predvybornaya-programma]
[sakharov.webflow.io/lib/proekt-konstitucii-soyuza-sovetskih-respublik-evropy-i-azii]
[sakharov.webflow.io/lib/nobelevskaya-lekciya.html]
[sakharov.webflow.io/lib/vystupleniya-na-moskovskom-forume]
[sakharov.webflow.io/lib/rech-pri-zakrytii-i-sezda-narodnyh-deputatov-sssr.html]
[sakharov.webflow.io/lib/vystuplenie-na-vstreche-s-kollektivom-uralmashzavoda]
[sakharov.webflow.io/lib/lionskaya-lekciya]
[sakharov.webflow.io/lib/poslednee-vystuplenie]
[sakharov.webflow.io/lib/neproiznesennaya-rech]
[sakharov.webflow.io/lib/zayavlenie-o-poezdke-v-prinston]
[sakharov.webflow.io/lib/v-zashchitu-presleduemyh-za-rubezhom]
[sakharov.webflow.io/lib/v-organizacionnyy-komitet-simpoziuma-po-probleme-smertnoy-kazni]
[sakharov.webflow.io/lib/zayavleniya-o-krazhah-rukopisey]
[sakharov.webflow.io/lib/otkrytoe-pismo-ob-afganistane]
[sakharov.webflow.io/lib/zayavleniya-o-vysylke-v-gorkiy]
[sakharov.webflow.io/lib/uchastnikam-paguoshskoy-konferencii]
[sakharov.webflow.io/lib/po-povodu-prisuzhdeniya-premii-imeni-leo-scillarda]
[sakharov.webflow.io/lib/uchastnikam-vstrechi-v-sorbonne]
[sakharov.webflow.io/lib/kollegam-uchenym]
[sakharov.webflow.io/lib/uchastnikam-konferencii-v-stokgolme]
[sakharov.webflow.io/lib/amerikanskomu-poslu-arturu-hartmanu.html]
[sakharov.webflow.io/lib/v-prokuraturu-i-sud]
[sakharov.webflow.io/lib/prezidentu-an-sssr-a-p-aleksandrovu]
[sakharov.webflow.io/lib/zhaloba-v-poryadke-nadzora]
[sakharov.webflow.io/lib/pismo-m-s-gorbachevu-ob-osvobozhdenii-uznikov-sovesti.html]
[sakharov.webflow.io/lib/otkrytoe-pismo-o-krymskih-tatarah-i-nagornom-karabahe]
[sakharov.webflow.io/lib/perepiska-s-prezidentom-karterom]
[sakharov.webflow.io/lib/perepiska-s-genrihom-byollem.html]
[sakharov.webflow.io/lib/doktoru-sidneyu-drellu]
[sakharov.webflow.io/lib/iz-pisma-seme-v-soedinennye-shtaty]
[sakharov.webflow.io/lib/generalnomu-sekretaryu-ck-kpss-m-s-gorbachyovu]
[sakharov.webflow.io/lib/intervyu-ulle-stenholmu-2]
[sakharov.webflow.io/lib/stepen-svobody-intervyu-s-grigoriem-citrinyakom.html]
[sakharov.webflow.io/lib/dialog-s-alesem-adamovichem-zhit-na-zemle-i-zhit-dolgo]
[sakharov.webflow.io/lib/intervyu-s-yuriem-rostom-sezd-ne-mozhet-sdelat-vse-srazu]
[sakharov.webflow.io/lib/gnev-naroda.html]
[sakharov.webflow.io/lib/viktor-nekrasov-o-saharove]
[sakharov.webflow.io/lib/otkrytoe-pismo-akademiku-kapice-p-l]
[sakharov.webflow.io/lib/v-pereplete-sobytiy]
[sakharov.webflow.io/lib/bezzakonie-zametki-yurista]
[sakharov.webflow.io/lib/andrey-dmitrievich-saharov-2]
[sakharov.webflow.io/lib/ot-razmyshleniy-o-progresse-do-dvizheniya-za-prava-cheloveka]
[sakharov.webflow.io/lib/pismo-sostavitelyam-yubileynogo-sbornika]
[sakharov.webflow.io/lib/a-d-saharov-i-sudby-biologicheskoy-nauki-v-sssr]
[sakharov.webflow.io/lib/istoki-chuda]
[sakharov.webflow.io/lib/o-saharove]
[sakharov.webflow.io/lib/sovershenno-prekrasnyy-chelovek-razmyshleniya.html]
[sakharov.webflow.io/lib/chto-vy-dumaete-o-saharove-rezultaty-vyborochnogo-obsledovaniya.html]
[sakharov.webflow.io/lib/chelovek-dlya-lyudey]
[sakharov.webflow.io/lib/nadezhdy-1975-goda]
[sakharov.webflow.io/lib/my-vse-sovremenniki-andreya-saharova]
[sakharov.webflow.io/lib/tass-i-izvestiya-o-saharovyh]
[sakharov.webflow.io/lib/gorkovskie-lenty]
[sakharov.webflow.io/lib/dusha-sbylas]
[sakharov.webflow.io/lib/pechalno-no-tverdo]
[sakharov.webflow.io/lib/bonner-postskriptum]
[sakharov.webflow.io/lib/chetyre-daty-vospominaniya-o-ego-vospominaniyah]
[sakharov.webflow.io/lib/golosa-minuvshego]
[sakharov.webflow.io/lib/iz-vospominaniy]
[sakharov.webflow.io/lib/volnomyslie-materialy-kruglogo-stola-posvyashchennogo-a-d-saharovu]
[sakharov.webflow.io/lib/zvonit-kolokol-god-bez-andreya-saharova]
[sakharov.webflow.io/lib/progulki-s-pushkinym]
[sakharov.webflow.io/lib/vse-obdumano-zagodya]
[sakharov.webflow.io/lib/drug-blizkiy-drug-dalekiy]
[sakharov.webflow.io/lib/k-portretu-andreya-saharova]
[sakharov.webflow.io/lib/andrey-saharov-kak-aktualnyy-politicheskiy-filosof-xxi-veka.html]
[sakharov.webflow.io/lib/vseobshchaya-deklaraciya-prav-cheloveka]
[sakharov.webflow.io/lib/manifest-rassela-eynshteyna]
[sakharov.webflow.io/lib/rabochaya-zapis-zasedaniya-politbyuro-ck-kpss.html]
[sakharov.webflow.io/lib/ukazy-prezidiuma-verhovnogo-soveta-sssr]
[sakharov.webflow.io/lib/andrey-dmitrievich-saharov]
[sakharov.webflow.io/lib/audiozapisi-e-g-bonner]
[sakharov.webflow.io/lib/audio-zapisi]
[sakharov.webflow.io/lib/saharov-podkast-mbh-media.html]
[sakharov.webflow.io/lib/saharov-kinohronika.html]
[sakharov.webflow.io/lib/diletanty-100-letie-saharova]
[sakharov.webflow.io/lib/razgovory-o-saharove-v-ramkah-yubileynoy-konferencii]
